<?xml version="1.0" encoding="UTF-8"?>
<!-- Generated by org.testng.reporters.JUnitReportReporter -->
<testsuite hostname="Sithara" name="tests.LoginTest" tests="1" failures="0" timestamp="19 Jun 2018 17:50:47 GMT" time="19.525" errors="0">
  <testcase name="login" time="19.525" classname="tests.LoginTest"/>
</testsuite> <!-- tests.LoginTest -->
